<test-run id="2" duration="1.309805" testcasecount="9" total="9" passed="9" failed="0" inconclusive="0" skipped="0" result="Passed" start-time="2021-10-16T 22:59:28Z" end-time="2021-10-16T 22:59:34Z">
  <test-suite type="Assembly" name="NumberEncoding.Tests.dll" fullname="C:\Users\olatu\Projects\demo\AWSM\number-encoding\NumberEncoding\NumberEncoding.Tests\bin\Debug\net5.0\NumberEncoding.Tests.dll" total="9" passed="9" failed="0" inconclusive="0" skipped="0" result="Passed" start-time="2021-10-16T 22:59:32Z" end-time="2021-10-16T 22:59:33Z" duration="1.309805">
    <test-suite type="TestSuite" name="NumberEncoding" fullname="NumberEncoding" total="9" passed="9" failed="0" inconclusive="0" skipped="0" result="Passed" start-time="2021-10-16T 22:59:32Z" end-time="2021-10-16T 22:59:33Z" duration="1.309805">
      <test-suite type="TestSuite" name="Tests" fullname="NumberEncoding.Tests" total="9" passed="9" failed="0" inconclusive="0" skipped="0" result="Passed" start-time="2021-10-16T 22:59:32Z" end-time="2021-10-16T 22:59:33Z" duration="1.309805">
        <test-suite type="TestFixture" name="NumberEncodingDataTest" fullname="NumberEncoding.Tests.NumberEncodingDataTest" total="7" passed="7" failed="0" inconclusive="0" skipped="0" result="Passed" start-time="2021-10-16T 22:59:32Z" end-time="2021-10-16T 22:59:33Z" duration="0.667566">
          <test-case name="GetAlphabets_Returns_26Characters" fullname="NumberEncoding.Tests.NumberEncodingDataTest.GetAlphabets_Returns_26Characters" methodname="GetAlphabets_Returns_26Characters" classname="NumberEncodingDataTest" result="Passed" start-time="2021-10-16T 22:59:32Z" end-time="2021-10-16T 22:59:33Z" duration="0.664148" asserts="0" />
          <test-case name="GetCharacterPosition_Returns_CharactersInTheRightPosition('a')" fullname="NumberEncoding.Tests.NumberEncodingDataTest.GetCharacterPosition_Returns_CharactersInTheRightPosition('a')" methodname="GetCharacterPosition_Returns_CharactersInTheRightPosition('a')" classname="NumberEncodingDataTest" result="Passed" start-time="2021-10-16T 22:59:33Z" end-time="2021-10-16T 22:59:33Z" duration="0.002747" asserts="0" />
          <test-case name="GetCharacterPosition_Returns_CharactersInTheRightPosition('j')" fullname="NumberEncoding.Tests.NumberEncodingDataTest.GetCharacterPosition_Returns_CharactersInTheRightPosition('j')" methodname="GetCharacterPosition_Returns_CharactersInTheRightPosition('j')" classname="NumberEncodingDataTest" result="Passed" start-time="2021-10-16T 22:59:33Z" end-time="2021-10-16T 22:59:33Z" duration="0.000201" asserts="0" />
          <test-case name="GetCharacterPosition_Returns_CharactersInTheRightPosition('p')" fullname="NumberEncoding.Tests.NumberEncodingDataTest.GetCharacterPosition_Returns_CharactersInTheRightPosition('p')" methodname="GetCharacterPosition_Returns_CharactersInTheRightPosition('p')" classname="NumberEncodingDataTest" result="Passed" start-time="2021-10-16T 22:59:33Z" end-time="2021-10-16T 22:59:33Z" duration="0.000115" asserts="0" />
          <test-case name="GetCharacterPosition_Returns_CharactersInTheRightPosition('f')" fullname="NumberEncoding.Tests.NumberEncodingDataTest.GetCharacterPosition_Returns_CharactersInTheRightPosition('f')" methodname="GetCharacterPosition_Returns_CharactersInTheRightPosition('f')" classname="NumberEncodingDataTest" result="Passed" start-time="2021-10-16T 22:59:33Z" end-time="2021-10-16T 22:59:33Z" duration="0.000123" asserts="0" />
          <test-case name="GetCharacterPosition_Returns_CharactersInTheRightPosition('v')" fullname="NumberEncoding.Tests.NumberEncodingDataTest.GetCharacterPosition_Returns_CharactersInTheRightPosition('v')" methodname="GetCharacterPosition_Returns_CharactersInTheRightPosition('v')" classname="NumberEncodingDataTest" result="Passed" start-time="2021-10-16T 22:59:33Z" end-time="2021-10-16T 22:59:33Z" duration="0.000115" asserts="0" />
          <test-case name="GetCharacterPosition_Returns_CharactersInTheRightPosition('q')" fullname="NumberEncoding.Tests.NumberEncodingDataTest.GetCharacterPosition_Returns_CharactersInTheRightPosition('q')" methodname="GetCharacterPosition_Returns_CharactersInTheRightPosition('q')" classname="NumberEncodingDataTest" result="Passed" start-time="2021-10-16T 22:59:33Z" end-time="2021-10-16T 22:59:33Z" duration="0.000117" asserts="0" />
        </test-suite>
        <test-suite type="TestFixture" name="NumberEncodingServiceTest" fullname="NumberEncoding.Tests.NumberEncodingServiceTest" total="2" passed="2" failed="0" inconclusive="0" skipped="0" result="Passed" start-time="2021-10-16T 22:59:33Z" end-time="2021-10-16T 22:59:33Z" duration="0.642239">
          <test-case name="NumberEncoding_Returns_CorrectEncodingValue(&quot;hello 45&quot;)" fullname="NumberEncoding.Tests.NumberEncodingServiceTest.NumberEncoding_Returns_CorrectEncodingValue(&quot;hello 45&quot;)" methodname="NumberEncoding_Returns_CorrectEncodingValue(&quot;hello 45&quot;)" classname="NumberEncodingServiceTest" result="Passed" start-time="2021-10-16T 22:59:33Z" end-time="2021-10-16T 22:59:33Z" duration="0.640639" asserts="0" />
          <test-case name="NumberEncoding_Returns_CorrectEncodingValue(&quot;jaj-a&quot;)" fullname="NumberEncoding.Tests.NumberEncodingServiceTest.NumberEncoding_Returns_CorrectEncodingValue(&quot;jaj-a&quot;)" methodname="NumberEncoding_Returns_CorrectEncodingValue(&quot;jaj-a&quot;)" classname="NumberEncodingServiceTest" result="Passed" start-time="2021-10-16T 22:59:33Z" end-time="2021-10-16T 22:59:33Z" duration="0.0016" asserts="0" />
        </test-suite>
      </test-suite>
    </test-suite>
    <errors />
  </test-suite>
</test-run>